0 info it worked if it ends with ok
1 verbose cli [ '/home/zoli/.local/bin/node',
1 verbose cli   '/home/zoli/.local/bin/npm',
1 verbose cli   'publish' ]
2 info using npm@1.4.14
3 info using node@v0.10.29
4 verbose publish [ '.' ]
5 verbose cache add [ '.', null ]
6 verbose cache add name=undefined spec="." args=[".",null]
7 verbose parsed url { protocol: null,
7 verbose parsed url   slashes: null,
7 verbose parsed url   auth: null,
7 verbose parsed url   host: null,
7 verbose parsed url   port: null,
7 verbose parsed url   hostname: null,
7 verbose parsed url   hash: null,
7 verbose parsed url   search: null,
7 verbose parsed url   query: null,
7 verbose parsed url   pathname: '.',
7 verbose parsed url   path: '.',
7 verbose parsed url   href: '.' }
8 silly lockFile 3a52ce78- .
9 verbose lock . /home/zoli/.npm/3a52ce78-.lock
10 verbose tar pack [ '/home/zoli/.npm/zorium/0.2.7/package.tgz', '.' ]
11 verbose tarball /home/zoli/.npm/zorium/0.2.7/package.tgz
12 verbose folder .
13 info prepublish zorium@0.2.7
14 silly lockFile 1f1177db-tar tar://.
15 verbose lock tar://. /home/zoli/.npm/1f1177db-tar.lock
16 silly lockFile ee1fa387-oli-npm-zorium-0-2-7-package-tgz tar:///home/zoli/.npm/zorium/0.2.7/package.tgz
17 verbose lock tar:///home/zoli/.npm/zorium/0.2.7/package.tgz /home/zoli/.npm/ee1fa387-oli-npm-zorium-0-2-7-package-tgz.lock
18 silly lockFile 1f1177db-tar tar://.
19 silly lockFile 1f1177db-tar tar://.
20 silly lockFile ee1fa387-oli-npm-zorium-0-2-7-package-tgz tar:///home/zoli/.npm/zorium/0.2.7/package.tgz
21 silly lockFile ee1fa387-oli-npm-zorium-0-2-7-package-tgz tar:///home/zoli/.npm/zorium/0.2.7/package.tgz
22 silly lockFile d331ca03-me-zoli-npm-zorium-0-2-7-package /home/zoli/.npm/zorium/0.2.7/package
23 verbose lock /home/zoli/.npm/zorium/0.2.7/package /home/zoli/.npm/d331ca03-me-zoli-npm-zorium-0-2-7-package.lock
24 silly lockFile d331ca03-me-zoli-npm-zorium-0-2-7-package /home/zoli/.npm/zorium/0.2.7/package
25 silly lockFile d331ca03-me-zoli-npm-zorium-0-2-7-package /home/zoli/.npm/zorium/0.2.7/package
26 silly lockFile 3a52ce78- .
27 silly lockFile 3a52ce78- .
28 silly publish { name: 'zorium',
28 silly publish   version: '0.2.7',
28 silly publish   description: '',
28 silly publish   main: 'dist/zorium.js',
28 silly publish   scripts:
28 silly publish    { test: 'node_modules/gulp/bin/gulp.js test',
28 silly publish      build: 'node_modules/gulp/bin/gulp.js build' },
28 silly publish   repository:
28 silly publish    { type: 'git',
28 silly publish      url: 'https://github.com/claydotio/zorium.js.git' },
28 silly publish   bugs: { url: 'https://github.com/claydotio/zorium.js/issues' },
28 silly publish   homepage: 'https://github.com/claydotio/zorium.js',
28 silly publish   devDependencies:
28 silly publish    { 'browser-builtins': '3.2.0',
28 silly publish      'clay-chai': '0.0.2',
28 silly publish      'coffee-loader': '0.7.2',
28 silly publish      envify: '3.1.0',
28 silly publish      gulp: '3.8.10',
28 silly publish      'gulp-clean': '0.3.1',
28 silly publish      'gulp-coffeelint': '0.4.0',
28 silly publish      'gulp-rename': '1.2.0',
28 silly publish      'gulp-run-sequence': '0.3.2',
28 silly publish      'gulp-webpack': '1.0.0',
28 silly publish      'json-loader': '0.5.1',
28 silly publish      karma: '0.12.24',
28 silly publish      'karma-chrome-launcher': '0.1.5',
28 silly publish      'karma-firefox-launcher': '0.1.3',
28 silly publish      'karma-mocha': '0.1.9',
28 silly publish      'karma-phantomjs-launcher': '0.1.4',
28 silly publish      'merge-stream': '0.1.6',
28 silly publish      mocha: '2.0.1',
28 silly publish      rewire: '2.1.3',
28 silly publish      'rewire-webpack': '1.0.0',
28 silly publish      'transform-loader': '0.2.1',
28 silly publish      webpack: '1.4.13' },
28 silly publish   dependencies:
28 silly publish    { 'coffee-script': '1.8.0',
28 silly publish      lodash: '2.4.1',
28 silly publish      routes: '1.2.0',
28 silly publish      'virtual-dom': '0.0.21',
28 silly publish      vtree: '0.0.21' },
28 silly publish   gitHead: 'cce28efe25e77c692c3ef1e914b4bfd6303673a0',
28 silly publish   readme: 'ERROR: No README data found!',
28 silly publish   _id: 'zorium@0.2.7',
28 silly publish   _shasum: '5e9224e22874e2a232a0ecf1a3e9b1263f869741',
28 silly publish   _from: '.' }
29 verbose url raw zorium
30 verbose url resolving [ 'https://registry.npmjs.org/', './zorium' ]
31 verbose url resolved https://registry.npmjs.org/zorium
32 info trying registry request attempt 1 at 14:37:03
33 http PUT https://registry.npmjs.org/zorium
34 http 403 https://registry.npmjs.org/zorium
35 verbose headers { date: 'Thu, 20 Nov 2014 22:37:03 GMT',
35 verbose headers   server: 'CouchDB/1.5.0 (Erlang OTP/R16B03)',
35 verbose headers   'content-type': 'application/json',
35 verbose headers   'cache-control': 'max-age=60',
35 verbose headers   'content-length': '3423',
35 verbose headers   'accept-ranges': 'bytes',
35 verbose headers   via: '1.1 varnish',
35 verbose headers   'x-served-by': 'cache-sjc3135-SJC',
35 verbose headers   'x-cache': 'MISS',
35 verbose headers   'x-cache-hits': '0',
35 verbose headers   'x-timer': 'S1416523023.539122,VS0,VE141',
35 verbose headers   'keep-alive': 'timeout=10, max=50',
35 verbose headers   connection: 'Keep-Alive' }
36 error publish Failed PUT 403
37 error Error: forbidden cannot modify pre-existing version: 0.2.7
37 error old={"name":"zorium","version":"0.2.7","description":"","main":"dist/zorium.js","scripts":{"test":"node_modules/gulp/bin/gulp.js test","build":"node_modules/gulp/bin/gulp.js build"},"repository":{"type":"git","url":"https://github.com/claydotio/zorium.js.git"},"bugs":{"url":"https://github.com/claydotio/zorium.js/issues"},"homepage":"https://github.com/claydotio/zorium.js","devDependencies":{"browser-builtins":"3.2.0","clay-chai":"0.0.2","coffee-loader":"0.7.2","envify":"3.1.0","gulp":"3.8.10","gulp-clean":"0.3.1","gulp-coffeelint":"0.4.0","gulp-rename":"1.2.0","gulp-run-sequence":"0.3.2","gulp-webpack":"1.0.0","json-loader":"0.5.1","karma":"0.12.24","karma-chrome-launcher":"0.1.5","karma-firefox-launcher":"0.1.3","karma-mocha":"0.1.9","karma-phantomjs-launcher":"0.1.4","merge-stream":"0.1.6","mocha":"2.0.1","rewire":"2.1.3","rewire-webpack":"1.0.0","transform-loader":"0.2.1","webpack":"1.4.13"},"dependencies":{"coffee-script":"1.8.0","lodash":"2.4.1","routes":"1.2.0","virtual-dom":"0.0.21","vtree":"0.0.21"},"gitHead":"735e9e71c28145ca7386950f4dfb0365edfc195a","_id":"zorium@0.2.7","_shasum":"16ab1b86497e51eed3309f29110f7e1e0f30d74f","_from":".","_npmVersion":"1.4.14","_npmUser":{"name":"zolmeister","email":"zolikahan@gmail.com"},"maintainers":[{"name":"zolmeister","email":"zolikahan@gmail.com"}],"dist":{"shasum":"16ab1b86497e51eed3309f29110f7e1e0f30d74f","tarball":"http://registry.npmjs.org/zorium/-/zorium-0.2.7.tgz"}}
37 error new={"name":"zorium","version":"0.2.7","description":"","main":"dist/zorium.js","scripts":{"test":"node_modules/gulp/bin/gulp.js test","build":"node_modules/gulp/bin/gulp.js build"},"repository":{"type":"git","url":"https://github.com/claydotio/zorium.js.git"},"bugs":{"url":"https://github.com/claydotio/zorium.js/issues"},"homepage":"https://github.com/claydotio/zorium.js","devDependencies":{"browser-builtins":"3.2.0","clay-chai":"0.0.2","coffee-loader":"0.7.2","envify":"3.1.0","gulp":"3.8.10","gulp-clean":"0.3.1","gulp-coffeelint":"0.4.0","gulp-rename":"1.2.0","gulp-run-sequence":"0.3.2","gulp-webpack":"1.0.0","json-loader":"0.5.1","karma":"0.12.24","karma-chrome-launcher":"0.1.5","karma-firefox-launcher":"0.1.3","karma-mocha":"0.1.9","karma-phantomjs-launcher":"0.1.4","merge-stream":"0.1.6","mocha":"2.0.1","rewire":"2.1.3","rewire-webpack":"1.0.0","transform-loader":"0.2.1","webpack":"1.4.13"},"dependencies":{"coffee-script":"1.8.0","lodash":"2.4.1","routes":"1.2.0","virtual-dom":"0.0.21","vtree":"0.0.21"},"gitHead":"cce28efe25e77c692c3ef1e914b4bfd6303673a0","readme":"ERROR: No README data found!","_id":"zorium@0.2.7","_shasum":"5e9224e22874e2a232a0ecf1a3e9b1263f869741","_from":".","_npmVersion":"1.4.14","_npmUser":{"name":"zolmeister","email":"zolikahan@gmail.com"},"maintainers":[{"name":"zolmeister","email":"zolikahan@gmail.com"}],"dist":{"shasum":"5e9224e22874e2a232a0ecf1a3e9b1263f869741","tarball":"http://registry.npmjs.org/zorium/-/zorium-0.2.7.tgz"}}: zorium
37 error     at RegClient.<anonymous> (/home/zoli/.local/lib/node_modules/npm/node_modules/npm-registry-client/lib/request.js:274:14)
37 error     at Request._callback (/home/zoli/.local/lib/node_modules/npm/node_modules/npm-registry-client/lib/request.js:212:65)
37 error     at Request.self.callback (/home/zoli/.local/lib/node_modules/npm/node_modules/request/request.js:123:22)
37 error     at Request.emit (events.js:98:17)
37 error     at Request.<anonymous> (/home/zoli/.local/lib/node_modules/npm/node_modules/request/request.js:893:14)
37 error     at Request.emit (events.js:117:20)
37 error     at IncomingMessage.<anonymous> (/home/zoli/.local/lib/node_modules/npm/node_modules/request/request.js:844:12)
37 error     at IncomingMessage.emit (events.js:117:20)
37 error     at _stream_readable.js:929:16
37 error     at process._tickCallback (node.js:419:13)
38 error If you need help, you may report this *entire* log,
38 error including the npm and node versions, at:
38 error     <http://github.com/npm/npm/issues>
39 error System Linux 3.13.0-24-generic
40 error command "/home/zoli/.local/bin/node" "/home/zoli/.local/bin/npm" "publish"
41 error cwd /home/zoli/clay/zorium.js
42 error node -v v0.10.29
43 error npm -v 1.4.14
44 verbose exit [ 1, true ]
